<?xml version="1.0" encoding="UTF-8"?>
<!-- Generated by org.testng.reporters.JUnitReportReporter -->
<testsuite skipped="0" hostname="ProTeqWorld" name="ptwGitHub.MathCalculation" tests="1" failures="0" timestamp="09 May 2019 03:21:14 GMT" time="0.003" errors="0">
  <testcase name="Addition" time="0.003" classname="ptwGitHub.MathCalculation"/>
</testsuite> <!-- ptwGitHub.MathCalculation -->
